{"C:\\Labs\\Node.js\\lab3\\src\\app.ts": {"path":"C:\\Labs\\Node.js\\lab3\\src\\app.ts","statementMap":{"0":{"start":{"line":1,"column":0},"end":{"line":1,"column":30}},"1":{"start":{"line":2,"column":0},"end":{"line":2,"column":24}},"2":{"start":{"line":3,"column":0},"end":{"line":3,"column":37}},"3":{"start":{"line":4,"column":0},"end":{"line":4,"column":57}},"4":{"start":{"line":6,"column":12},"end":{"line":6,"column":21}},"5":{"start":{"line":8,"column":0},"end":{"line":8,"column":16}},"6":{"start":{"line":9,"column":0},"end":{"line":9,"column":24}},"7":{"start":{"line":11,"column":0},"end":{"line":11,"column":32}},"8":{"start":{"line":13,"column":0},"end":{"line":13,"column":22}},"9":{"start":{"line":15,"column":0},"end":{"line":15,"column":19}}},"fnMap":{},"branchMap":{},"s":{"0":1,"1":1,"2":1,"3":1,"4":1,"5":1,"6":1,"7":1,"8":1,"9":1},"f":{},"b":{}}
,"C:\\Labs\\Node.js\\lab3\\src\\middleware\\errorHandler.ts": {"path":"C:\\Labs\\Node.js\\lab3\\src\\middleware\\errorHandler.ts","statementMap":{"0":{"start":{"line":2,"column":0},"end":{"line":2,"column":31}},"1":{"start":{"line":4,"column":28},"end":{"line":14,"column":1}},"2":{"start":{"line":5,"column":4},"end":{"line":10,"column":5}},"3":{"start":{"line":6,"column":8},"end":{"line":9,"column":11}},"4":{"start":{"line":12,"column":4},"end":{"line":12,"column":23}},"5":{"start":{"line":13,"column":4},"end":{"line":13,"column":74}},"6":{"start":{"line":4,"column":13},"end":{"line":4,"column":28}}},"fnMap":{"0":{"name":"(anonymous_0)","decl":{"start":{"line":4,"column":28},"end":{"line":4,"column":29}},"loc":{"start":{"line":4,"column":92},"end":{"line":14,"column":1}}}},"branchMap":{"0":{"loc":{"start":{"line":5,"column":4},"end":{"line":10,"column":5}},"type":"if","locations":[{"start":{"line":5,"column":4},"end":{"line":10,"column":5}},{"start":{},"end":{}}]}},"s":{"0":1,"1":1,"2":4,"3":3,"4":1,"5":1,"6":1},"f":{"0":4},"b":{"0":[3,1]}}
,"C:\\Labs\\Node.js\\lab3\\src\\middleware\\validate.ts": {"path":"C:\\Labs\\Node.js\\lab3\\src\\middleware\\validate.ts","statementMap":{"0":{"start":{"line":4,"column":24},"end":{"line":13,"column":1}},"1":{"start":{"line":5,"column":4},"end":{"line":12,"column":6}},"2":{"start":{"line":6,"column":8},"end":{"line":11,"column":9}},"3":{"start":{"line":7,"column":12},"end":{"line":7,"column":46}},"4":{"start":{"line":8,"column":12},"end":{"line":8,"column":19}},"5":{"start":{"line":10,"column":12},"end":{"line":10,"column":24}},"6":{"start":{"line":4,"column":13},"end":{"line":4,"column":24}}},"fnMap":{"0":{"name":"(anonymous_0)","decl":{"start":{"line":4,"column":24},"end":{"line":4,"column":25}},"loc":{"start":{"line":4,"column":46},"end":{"line":13,"column":1}}},"1":{"name":"(anonymous_1)","decl":{"start":{"line":5,"column":11},"end":{"line":5,"column":12}},"loc":{"start":{"line":5,"column":63},"end":{"line":12,"column":5}}}},"branchMap":{},"s":{"0":1,"1":2,"2":6,"3":6,"4":3,"5":3,"6":1},"f":{"0":2,"1":6},"b":{}}
,"C:\\Labs\\Node.js\\lab3\\src\\routes\\car.ts": {"path":"C:\\Labs\\Node.js\\lab3\\src\\routes\\car.ts","statementMap":{"0":{"start":{"line":1,"column":0},"end":{"line":1,"column":52}},"1":{"start":{"line":2,"column":0},"end":{"line":2,"column":44}},"2":{"start":{"line":3,"column":0},"end":{"line":3,"column":73}},"3":{"start":{"line":4,"column":0},"end":{"line":4,"column":50}},"4":{"start":{"line":6,"column":15},"end":{"line":6,"column":23}},"5":{"start":{"line":8,"column":0},"end":{"line":11,"column":3}},"6":{"start":{"line":9,"column":17},"end":{"line":9,"column":67}},"7":{"start":{"line":9,"column":51},"end":{"line":9,"column":66}},"8":{"start":{"line":10,"column":4},"end":{"line":10,"column":31}},"9":{"start":{"line":14,"column":0},"end":{"line":23,"column":3}},"10":{"start":{"line":15,"column":38},"end":{"line":15,"column":47}},"11":{"start":{"line":17,"column":24},"end":{"line":17,"column":26}},"12":{"start":{"line":18,"column":4},"end":{"line":18,"column":66}},"13":{"start":{"line":18,"column":17},"end":{"line":18,"column":66}},"14":{"start":{"line":19,"column":4},"end":{"line":19,"column":67}},"15":{"start":{"line":19,"column":22},"end":{"line":19,"column":67}},"16":{"start":{"line":21,"column":17},"end":{"line":21,"column":42}},"17":{"start":{"line":22,"column":4},"end":{"line":22,"column":31}},"18":{"start":{"line":26,"column":0},"end":{"line":32,"column":3}},"19":{"start":{"line":27,"column":16},"end":{"line":27,"column":49}},"20":{"start":{"line":28,"column":4},"end":{"line":30,"column":5}},"21":{"start":{"line":29,"column":8},"end":{"line":29,"column":75}},"22":{"start":{"line":31,"column":4},"end":{"line":31,"column":30}},"23":{"start":{"line":35,"column":0},"end":{"line":38,"column":3}},"24":{"start":{"line":36,"column":19},"end":{"line":36,"column":46}},"25":{"start":{"line":37,"column":4},"end":{"line":37,"column":33}},"26":{"start":{"line":41,"column":0},"end":{"line":47,"column":3}},"27":{"start":{"line":42,"column":23},"end":{"line":42,"column":65}},"28":{"start":{"line":43,"column":4},"end":{"line":45,"column":5}},"29":{"start":{"line":44,"column":8},"end":{"line":44,"column":75}},"30":{"start":{"line":46,"column":4},"end":{"line":46,"column":37}},"31":{"start":{"line":50,"column":0},"end":{"line":56,"column":3}},"32":{"start":{"line":51,"column":22},"end":{"line":51,"column":54}},"33":{"start":{"line":52,"column":4},"end":{"line":54,"column":5}},"34":{"start":{"line":53,"column":8},"end":{"line":53,"column":75}},"35":{"start":{"line":55,"column":4},"end":{"line":55,"column":27}},"36":{"start":{"line":58,"column":0},"end":{"line":58,"column":22}}},"fnMap":{"0":{"name":"(anonymous_0)","decl":{"start":{"line":8,"column":25},"end":{"line":8,"column":26}},"loc":{"start":{"line":8,"column":57},"end":{"line":11,"column":1}}},"1":{"name":"(anonymous_1)","decl":{"start":{"line":9,"column":44},"end":{"line":9,"column":47}},"loc":{"start":{"line":9,"column":51},"end":{"line":9,"column":66}}},"2":{"name":"(anonymous_2)","decl":{"start":{"line":14,"column":16},"end":{"line":14,"column":17}},"loc":{"start":{"line":14,"column":48},"end":{"line":23,"column":1}}},"3":{"name":"(anonymous_3)","decl":{"start":{"line":26,"column":19},"end":{"line":26,"column":20}},"loc":{"start":{"line":26,"column":67},"end":{"line":32,"column":1}}},"4":{"name":"(anonymous_4)","decl":{"start":{"line":35,"column":44},"end":{"line":35,"column":45}},"loc":{"start":{"line":35,"column":76},"end":{"line":38,"column":1}}},"5":{"name":"(anonymous_5)","decl":{"start":{"line":41,"column":48},"end":{"line":41,"column":49}},"loc":{"start":{"line":41,"column":96},"end":{"line":47,"column":1}}},"6":{"name":"(anonymous_6)","decl":{"start":{"line":50,"column":22},"end":{"line":50,"column":23}},"loc":{"start":{"line":50,"column":70},"end":{"line":56,"column":1}}}},"branchMap":{"0":{"loc":{"start":{"line":18,"column":4},"end":{"line":18,"column":66}},"type":"if","locations":[{"start":{"line":18,"column":4},"end":{"line":18,"column":66}},{"start":{},"end":{}}]},"1":{"loc":{"start":{"line":19,"column":4},"end":{"line":19,"column":67}},"type":"if","locations":[{"start":{"line":19,"column":4},"end":{"line":19,"column":67}},{"start":{},"end":{}}]},"2":{"loc":{"start":{"line":28,"column":4},"end":{"line":30,"column":5}},"type":"if","locations":[{"start":{"line":28,"column":4},"end":{"line":30,"column":5}},{"start":{},"end":{}}]},"3":{"loc":{"start":{"line":43,"column":4},"end":{"line":45,"column":5}},"type":"if","locations":[{"start":{"line":43,"column":4},"end":{"line":45,"column":5}},{"start":{},"end":{}}]},"4":{"loc":{"start":{"line":52,"column":4},"end":{"line":54,"column":5}},"type":"if","locations":[{"start":{"line":52,"column":4},"end":{"line":54,"column":5}},{"start":{},"end":{}}]}},"s":{"0":1,"1":1,"2":1,"3":1,"4":1,"5":1,"6":1,"7":3,"8":1,"9":1,"10":7,"11":7,"12":7,"13":3,"14":7,"15":3,"16":7,"17":6,"18":1,"19":2,"20":2,"21":1,"22":1,"23":1,"24":1,"25":1,"26":1,"27":2,"28":2,"29":1,"30":1,"31":1,"32":2,"33":2,"34":1,"35":1,"36":1},"f":{"0":1,"1":3,"2":7,"3":2,"4":1,"5":2,"6":2},"b":{"0":[3,4],"1":[3,4],"2":[1,1],"3":[1,1],"4":[1,1]}}
,"C:\\Labs\\Node.js\\lab3\\src\\schemas\\car.schema.ts": {"path":"C:\\Labs\\Node.js\\lab3\\src\\schemas\\car.schema.ts","statementMap":{"0":{"start":{"line":1,"column":0},"end":{"line":1,"column":24}},"1":{"start":{"line":3,"column":13},"end":{"line":11,"column":3}},"2":{"start":{"line":13,"column":13},"end":{"line":13,"column":57}}},"fnMap":{},"branchMap":{},"s":{"0":1,"1":1,"2":1},"f":{},"b":{}}
,"C:\\Labs\\Node.js\\lab3\\src\\storage\\car.ts": {"path":"C:\\Labs\\Node.js\\lab3\\src\\storage\\car.ts","statementMap":{"0":{"start":{"line":2,"column":0},"end":{"line":2,"column":28}},"1":{"start":{"line":10,"column":43},"end":{"line":10,"column":52}},"2":{"start":{"line":13,"column":21},"end":{"line":13,"column":51}},"3":{"start":{"line":15,"column":8},"end":{"line":22,"column":9}},"4":{"start":{"line":16,"column":12},"end":{"line":18,"column":13}},"5":{"start":{"line":17,"column":16},"end":{"line":17,"column":75}},"6":{"start":{"line":17,"column":46},"end":{"line":17,"column":73}},"7":{"start":{"line":19,"column":12},"end":{"line":21,"column":13}},"8":{"start":{"line":20,"column":16},"end":{"line":20,"column":88}},"9":{"start":{"line":20,"column":46},"end":{"line":20,"column":86}},"10":{"start":{"line":23,"column":8},"end":{"line":23,"column":22}},"11":{"start":{"line":27,"column":8},"end":{"line":27,"column":33}},"12":{"start":{"line":31,"column":19},"end":{"line":31,"column":38}},"13":{"start":{"line":32,"column":20},"end":{"line":32,"column":30}},"14":{"start":{"line":34,"column":34},"end":{"line":40,"column":10}},"15":{"start":{"line":42,"column":8},"end":{"line":42,"column":34}},"16":{"start":{"line":43,"column":8},"end":{"line":43,"column":22}},"17":{"start":{"line":47,"column":28},"end":{"line":47,"column":45}},"18":{"start":{"line":48,"column":8},"end":{"line":48,"column":38}},"19":{"start":{"line":48,"column":26},"end":{"line":48,"column":38}},"20":{"start":{"line":50,"column":38},"end":{"line":54,"column":10}},"21":{"start":{"line":56,"column":8},"end":{"line":56,"column":38}},"22":{"start":{"line":57,"column":8},"end":{"line":57,"column":26}},"23":{"start":{"line":61,"column":8},"end":{"line":61,"column":36}},"24":{"start":{"line":65,"column":8},"end":{"line":65,"column":26}},"25":{"start":{"line":69,"column":13},"end":{"line":69,"column":43}}},"fnMap":{"0":{"name":"(anonymous_1)","decl":{"start":{"line":12,"column":4},"end":{"line":12,"column":10}},"loc":{"start":{"line":12,"column":29},"end":{"line":24,"column":5}}},"1":{"name":"(anonymous_2)","decl":{"start":{"line":17,"column":39},"end":{"line":17,"column":42}},"loc":{"start":{"line":17,"column":46},"end":{"line":17,"column":73}}},"2":{"name":"(anonymous_3)","decl":{"start":{"line":20,"column":39},"end":{"line":20,"column":42}},"loc":{"start":{"line":20,"column":46},"end":{"line":20,"column":86}}},"3":{"name":"(anonymous_4)","decl":{"start":{"line":26,"column":4},"end":{"line":26,"column":11}},"loc":{"start":{"line":26,"column":22},"end":{"line":28,"column":5}}},"4":{"name":"(anonymous_5)","decl":{"start":{"line":30,"column":4},"end":{"line":30,"column":10}},"loc":{"start":{"line":30,"column":31},"end":{"line":44,"column":5}}},"5":{"name":"(anonymous_6)","decl":{"start":{"line":46,"column":4},"end":{"line":46,"column":10}},"loc":{"start":{"line":46,"column":43},"end":{"line":58,"column":5}}},"6":{"name":"(anonymous_7)","decl":{"start":{"line":60,"column":4},"end":{"line":60,"column":10}},"loc":{"start":{"line":60,"column":21},"end":{"line":62,"column":5}}},"7":{"name":"(anonymous_8)","decl":{"start":{"line":64,"column":4},"end":{"line":64,"column":9}},"loc":{"start":{"line":64,"column":9},"end":{"line":66,"column":5}}}},"branchMap":{"0":{"loc":{"start":{"line":15,"column":8},"end":{"line":22,"column":9}},"type":"if","locations":[{"start":{"line":15,"column":8},"end":{"line":22,"column":9}},{"start":{},"end":{}}]},"1":{"loc":{"start":{"line":16,"column":12},"end":{"line":18,"column":13}},"type":"if","locations":[{"start":{"line":16,"column":12},"end":{"line":18,"column":13}},{"start":{},"end":{}}]},"2":{"loc":{"start":{"line":19,"column":12},"end":{"line":21,"column":13}},"type":"if","locations":[{"start":{"line":19,"column":12},"end":{"line":21,"column":13}},{"start":{},"end":{}}]},"3":{"loc":{"start":{"line":48,"column":8},"end":{"line":48,"column":38}},"type":"if","locations":[{"start":{"line":48,"column":8},"end":{"line":48,"column":38}},{"start":{},"end":{}}]}},"s":{"0":1,"1":1,"2":7,"3":7,"4":6,"5":3,"6":9,"7":6,"8":3,"9":5,"10":7,"11":3,"12":19,"13":19,"14":19,"15":19,"16":19,"17":2,"18":2,"19":1,"20":1,"21":1,"22":1,"23":2,"24":17,"25":1},"f":{"0":7,"1":9,"2":5,"3":3,"4":19,"5":2,"6":2,"7":17},"b":{"0":[6,1],"1":[3,3],"2":[3,3],"3":[1,1]}}
}
