{"C:\\Labs\\Node.js\\lab3\\src\\app.ts": {"path":"C:\\Labs\\Node.js\\lab3\\src\\app.ts","statementMap":{"0":{"start":{"line":1,"column":0},"end":{"line":1,"column":30}},"1":{"start":{"line":2,"column":0},"end":{"line":2,"column":24}},"2":{"start":{"line":3,"column":0},"end":{"line":3,"column":37}},"3":{"start":{"line":4,"column":0},"end":{"line":4,"column":57}},"4":{"start":{"line":6,"column":12},"end":{"line":6,"column":21}},"5":{"start":{"line":8,"column":0},"end":{"line":8,"column":16}},"6":{"start":{"line":9,"column":0},"end":{"line":9,"column":24}},"7":{"start":{"line":11,"column":0},"end":{"line":11,"column":32}},"8":{"start":{"line":13,"column":0},"end":{"line":13,"column":22}},"9":{"start":{"line":15,"column":0},"end":{"line":15,"column":19}}},"fnMap":{},"branchMap":{},"s":{"0":1,"1":1,"2":1,"3":1,"4":1,"5":1,"6":1,"7":1,"8":1,"9":1},"f":{},"b":{}}
,"C:\\Labs\\Node.js\\lab3\\src\\middleware\\errorHandler.ts": {"path":"C:\\Labs\\Node.js\\lab3\\src\\middleware\\errorHandler.ts","statementMap":{"0":{"start":{"line":2,"column":0},"end":{"line":2,"column":31}},"1":{"start":{"line":3,"column":0},"end":{"line":3,"column":32}},"2":{"start":{"line":5,"column":28},"end":{"line":31,"column":1}},"3":{"start":{"line":6,"column":4},"end":{"line":11,"column":5}},"4":{"start":{"line":7,"column":8},"end":{"line":10,"column":11}},"5":{"start":{"line":13,"column":4},"end":{"line":15,"column":5}},"6":{"start":{"line":14,"column":8},"end":{"line":14,"column":73}},"7":{"start":{"line":17,"column":4},"end":{"line":23,"column":5}},"8":{"start":{"line":18,"column":25},"end":{"line":18,"column":74}},"9":{"start":{"line":18,"column":62},"end":{"line":18,"column":73}},"10":{"start":{"line":19,"column":8},"end":{"line":22,"column":11}},"11":{"start":{"line":25,"column":4},"end":{"line":27,"column":5}},"12":{"start":{"line":26,"column":8},"end":{"line":26,"column":90}},"13":{"start":{"line":29,"column":4},"end":{"line":29,"column":51}},"14":{"start":{"line":30,"column":4},"end":{"line":30,"column":74}},"15":{"start":{"line":5,"column":13},"end":{"line":5,"column":28}}},"fnMap":{"0":{"name":"(anonymous_1)","decl":{"start":{"line":5,"column":28},"end":{"line":5,"column":29}},"loc":{"start":{"line":5,"column":90},"end":{"line":31,"column":1}}},"1":{"name":"(anonymous_2)","decl":{"start":{"line":18,"column":55},"end":{"line":18,"column":58}},"loc":{"start":{"line":18,"column":62},"end":{"line":18,"column":73}}}},"branchMap":{"0":{"loc":{"start":{"line":6,"column":4},"end":{"line":11,"column":5}},"type":"if","locations":[{"start":{"line":6,"column":4},"end":{"line":11,"column":5}},{"start":{},"end":{}}]},"1":{"loc":{"start":{"line":13,"column":4},"end":{"line":15,"column":5}},"type":"if","locations":[{"start":{"line":13,"column":4},"end":{"line":15,"column":5}},{"start":{},"end":{}}]},"2":{"loc":{"start":{"line":13,"column":8},"end":{"line":13,"column":75}},"type":"binary-expr","locations":[{"start":{"line":13,"column":8},"end":{"line":13,"column":47}},{"start":{"line":13,"column":51},"end":{"line":13,"column":75}}]},"3":{"loc":{"start":{"line":17,"column":4},"end":{"line":23,"column":5}},"type":"if","locations":[{"start":{"line":17,"column":4},"end":{"line":23,"column":5}},{"start":{},"end":{}}]},"4":{"loc":{"start":{"line":25,"column":4},"end":{"line":27,"column":5}},"type":"if","locations":[{"start":{"line":25,"column":4},"end":{"line":27,"column":5}},{"start":{},"end":{}}]}},"s":{"0":1,"1":1,"2":1,"3":8,"4":1,"5":7,"6":2,"7":5,"8":0,"9":0,"10":0,"11":5,"12":1,"13":4,"14":4,"15":1},"f":{"0":8,"1":0},"b":{"0":[1,7],"1":[2,5],"2":[7,6],"3":[0,5],"4":[1,4]}}
,"C:\\Labs\\Node.js\\lab3\\src\\middleware\\validate.ts": {"path":"C:\\Labs\\Node.js\\lab3\\src\\middleware\\validate.ts","statementMap":{"0":{"start":{"line":4,"column":24},"end":{"line":13,"column":1}},"1":{"start":{"line":5,"column":4},"end":{"line":12,"column":6}},"2":{"start":{"line":6,"column":8},"end":{"line":11,"column":9}},"3":{"start":{"line":7,"column":12},"end":{"line":7,"column":46}},"4":{"start":{"line":8,"column":12},"end":{"line":8,"column":19}},"5":{"start":{"line":10,"column":12},"end":{"line":10,"column":24}},"6":{"start":{"line":4,"column":13},"end":{"line":4,"column":24}}},"fnMap":{"0":{"name":"(anonymous_0)","decl":{"start":{"line":4,"column":24},"end":{"line":4,"column":25}},"loc":{"start":{"line":4,"column":46},"end":{"line":13,"column":1}}},"1":{"name":"(anonymous_1)","decl":{"start":{"line":5,"column":11},"end":{"line":5,"column":12}},"loc":{"start":{"line":5,"column":63},"end":{"line":12,"column":5}}}},"branchMap":{},"s":{"0":1,"1":2,"2":5,"3":5,"4":4,"5":1,"6":1},"f":{"0":2,"1":5},"b":{}}
,"C:\\Labs\\Node.js\\lab3\\src\\models\\car.model.ts": {"path":"C:\\Labs\\Node.js\\lab3\\src\\models\\car.model.ts","statementMap":{"0":{"start":{"line":1,"column":0},"end":{"line":1,"column":51}},"1":{"start":{"line":14,"column":18},"end":{"line":47,"column":2}},"2":{"start":{"line":30,"column":38},"end":{"line":30,"column":80}},"3":{"start":{"line":31,"column":37},"end":{"line":31,"column":82}},"4":{"start":{"line":49,"column":0},"end":{"line":51,"column":3}},"5":{"start":{"line":50,"column":4},"end":{"line":50,"column":48}},"6":{"start":{"line":53,"column":13},"end":{"line":53,"column":54}}},"fnMap":{"0":{"name":"(anonymous_0)","decl":{"start":{"line":30,"column":23},"end":{"line":30,"column":24}},"loc":{"start":{"line":30,"column":38},"end":{"line":30,"column":80}}},"1":{"name":"(anonymous_1)","decl":{"start":{"line":31,"column":21},"end":{"line":31,"column":22}},"loc":{"start":{"line":31,"column":37},"end":{"line":31,"column":82}}},"2":{"name":"(anonymous_2)","decl":{"start":{"line":49,"column":32},"end":{"line":49,"column":null}},"loc":{"start":{"line":49,"column":32},"end":{"line":51,"column":1}}}},"branchMap":{"0":{"loc":{"start":{"line":30,"column":38},"end":{"line":30,"column":80}},"type":"binary-expr","locations":[{"start":{"line":30,"column":38},"end":{"line":30,"column":47}},{"start":{"line":30,"column":51},"end":{"line":30,"column":80}}]}},"s":{"0":1,"1":1,"2":13,"3":1,"4":1,"5":6,"6":1},"f":{"0":13,"1":1,"2":6},"b":{"0":[13,12]}}
,"C:\\Labs\\Node.js\\lab3\\src\\routes\\car.ts": {"path":"C:\\Labs\\Node.js\\lab3\\src\\routes\\car.ts","statementMap":{"0":{"start":{"line":1,"column":0},"end":{"line":1,"column":66}},"1":{"start":{"line":2,"column":0},"end":{"line":2,"column":44}},"2":{"start":{"line":3,"column":0},"end":{"line":3,"column":73}},"3":{"start":{"line":4,"column":0},"end":{"line":4,"column":50}},"4":{"start":{"line":6,"column":15},"end":{"line":6,"column":23}},"5":{"start":{"line":9,"column":0},"end":{"line":16,"column":3}},"6":{"start":{"line":10,"column":4},"end":{"line":15,"column":5}},"7":{"start":{"line":11,"column":23},"end":{"line":11,"column":77}},"8":{"start":{"line":12,"column":8},"end":{"line":12,"column":42}},"9":{"start":{"line":14,"column":8},"end":{"line":14,"column":20}},"10":{"start":{"line":19,"column":0},"end":{"line":39,"column":3}},"11":{"start":{"line":20,"column":4},"end":{"line":38,"column":5}},"12":{"start":{"line":21,"column":55},"end":{"line":21,"column":64}},"13":{"start":{"line":23,"column":28},"end":{"line":23,"column":30}},"14":{"start":{"line":24,"column":8},"end":{"line":26,"column":9}},"15":{"start":{"line":25,"column":12},"end":{"line":25,"column":68}},"16":{"start":{"line":27,"column":8},"end":{"line":29,"column":9}},"17":{"start":{"line":28,"column":12},"end":{"line":28,"column":47}},"18":{"start":{"line":31,"column":24},"end":{"line":31,"column":57}},"19":{"start":{"line":32,"column":25},"end":{"line":32,"column":60}},"20":{"start":{"line":34,"column":23},"end":{"line":34,"column":73}},"21":{"start":{"line":35,"column":8},"end":{"line":35,"column":37}},"22":{"start":{"line":37,"column":8},"end":{"line":37,"column":20}},"23":{"start":{"line":42,"column":0},"end":{"line":52,"column":3}},"24":{"start":{"line":43,"column":4},"end":{"line":51,"column":5}},"25":{"start":{"line":44,"column":20},"end":{"line":44,"column":59}},"26":{"start":{"line":45,"column":8},"end":{"line":47,"column":9}},"27":{"start":{"line":46,"column":12},"end":{"line":46,"column":79}},"28":{"start":{"line":48,"column":8},"end":{"line":48,"column":34}},"29":{"start":{"line":50,"column":8},"end":{"line":50,"column":20}},"30":{"start":{"line":55,"column":0},"end":{"line":62,"column":3}},"31":{"start":{"line":56,"column":4},"end":{"line":61,"column":5}},"32":{"start":{"line":57,"column":23},"end":{"line":57,"column":56}},"33":{"start":{"line":58,"column":8},"end":{"line":58,"column":37}},"34":{"start":{"line":60,"column":8},"end":{"line":60,"column":20}},"35":{"start":{"line":65,"column":0},"end":{"line":75,"column":3}},"36":{"start":{"line":66,"column":4},"end":{"line":74,"column":5}},"37":{"start":{"line":67,"column":27},"end":{"line":67,"column":75}},"38":{"start":{"line":68,"column":8},"end":{"line":70,"column":9}},"39":{"start":{"line":69,"column":12},"end":{"line":69,"column":79}},"40":{"start":{"line":71,"column":8},"end":{"line":71,"column":41}},"41":{"start":{"line":73,"column":8},"end":{"line":73,"column":20}},"42":{"start":{"line":78,"column":0},"end":{"line":88,"column":3}},"43":{"start":{"line":79,"column":4},"end":{"line":87,"column":5}},"44":{"start":{"line":80,"column":27},"end":{"line":80,"column":65}},"45":{"start":{"line":81,"column":8},"end":{"line":83,"column":9}},"46":{"start":{"line":82,"column":12},"end":{"line":82,"column":79}},"47":{"start":{"line":84,"column":8},"end":{"line":84,"column":31}},"48":{"start":{"line":86,"column":8},"end":{"line":86,"column":20}},"49":{"start":{"line":90,"column":0},"end":{"line":90,"column":22}}},"fnMap":{"0":{"name":"(anonymous_0)","decl":{"start":{"line":9,"column":25},"end":{"line":9,"column":30}},"loc":{"start":{"line":9,"column":83},"end":{"line":16,"column":1}}},"1":{"name":"(anonymous_1)","decl":{"start":{"line":19,"column":16},"end":{"line":19,"column":21}},"loc":{"start":{"line":19,"column":74},"end":{"line":39,"column":1}}},"2":{"name":"(anonymous_2)","decl":{"start":{"line":42,"column":19},"end":{"line":42,"column":24}},"loc":{"start":{"line":42,"column":93},"end":{"line":52,"column":1}}},"3":{"name":"(anonymous_3)","decl":{"start":{"line":55,"column":44},"end":{"line":55,"column":49}},"loc":{"start":{"line":55,"column":102},"end":{"line":62,"column":1}}},"4":{"name":"(anonymous_4)","decl":{"start":{"line":65,"column":48},"end":{"line":65,"column":53}},"loc":{"start":{"line":65,"column":122},"end":{"line":75,"column":1}}},"5":{"name":"(anonymous_5)","decl":{"start":{"line":78,"column":22},"end":{"line":78,"column":27}},"loc":{"start":{"line":78,"column":96},"end":{"line":88,"column":1}}}},"branchMap":{"0":{"loc":{"start":{"line":24,"column":8},"end":{"line":26,"column":9}},"type":"if","locations":[{"start":{"line":24,"column":8},"end":{"line":26,"column":9}},{"start":{},"end":{}}]},"1":{"loc":{"start":{"line":27,"column":8},"end":{"line":29,"column":9}},"type":"if","locations":[{"start":{"line":27,"column":8},"end":{"line":29,"column":9}},{"start":{},"end":{}}]},"2":{"loc":{"start":{"line":31,"column":24},"end":{"line":31,"column":57}},"type":"binary-expr","locations":[{"start":{"line":31,"column":24},"end":{"line":31,"column":52}},{"start":{"line":31,"column":56},"end":{"line":31,"column":57}}]},"3":{"loc":{"start":{"line":32,"column":25},"end":{"line":32,"column":60}},"type":"binary-expr","locations":[{"start":{"line":32,"column":25},"end":{"line":32,"column":54}},{"start":{"line":32,"column":58},"end":{"line":32,"column":60}}]},"4":{"loc":{"start":{"line":45,"column":8},"end":{"line":47,"column":9}},"type":"if","locations":[{"start":{"line":45,"column":8},"end":{"line":47,"column":9}},{"start":{},"end":{}}]},"5":{"loc":{"start":{"line":68,"column":8},"end":{"line":70,"column":9}},"type":"if","locations":[{"start":{"line":68,"column":8},"end":{"line":70,"column":9}},{"start":{},"end":{}}]},"6":{"loc":{"start":{"line":81,"column":8},"end":{"line":83,"column":9}},"type":"if","locations":[{"start":{"line":81,"column":8},"end":{"line":83,"column":9}},{"start":{},"end":{}}]}},"s":{"0":1,"1":1,"2":1,"3":1,"4":1,"5":1,"6":2,"7":2,"8":1,"9":1,"10":1,"11":3,"12":3,"13":3,"14":3,"15":0,"16":3,"17":0,"18":3,"19":3,"20":3,"21":2,"22":1,"23":1,"24":4,"25":4,"26":2,"27":1,"28":1,"29":2,"30":1,"31":2,"32":2,"33":1,"34":1,"35":1,"36":2,"37":2,"38":1,"39":0,"40":1,"41":1,"42":1,"43":2,"44":2,"45":1,"46":0,"47":1,"48":1,"49":1},"f":{"0":2,"1":3,"2":4,"3":2,"4":2,"5":2},"b":{"0":[0,3],"1":[0,3],"2":[3,3],"3":[3,2],"4":[1,1],"5":[0,1],"6":[0,1]}}
,"C:\\Labs\\Node.js\\lab3\\src\\schemas\\car.schema.ts": {"path":"C:\\Labs\\Node.js\\lab3\\src\\schemas\\car.schema.ts","statementMap":{"0":{"start":{"line":1,"column":0},"end":{"line":1,"column":24}},"1":{"start":{"line":3,"column":13},"end":{"line":11,"column":3}},"2":{"start":{"line":13,"column":13},"end":{"line":13,"column":57}}},"fnMap":{},"branchMap":{},"s":{"0":1,"1":1,"2":1},"f":{},"b":{}}
,"C:\\Labs\\Node.js\\lab3\\src\\storage\\car.ts": {"path":"C:\\Labs\\Node.js\\lab3\\src\\storage\\car.ts","statementMap":{"0":{"start":{"line":1,"column":0},"end":{"line":1,"column":53}},"1":{"start":{"line":6,"column":21},"end":{"line":6,"column":39}},"2":{"start":{"line":8,"column":30},"end":{"line":11,"column":10}},"3":{"start":{"line":13,"column":8},"end":{"line":21,"column":10}},"4":{"start":{"line":25,"column":8},"end":{"line":25,"column":43}},"5":{"start":{"line":29,"column":8},"end":{"line":29,"column":43}},"6":{"start":{"line":33,"column":8},"end":{"line":36,"column":11}},"7":{"start":{"line":40,"column":8},"end":{"line":40,"column":52}},"8":{"start":{"line":4,"column":0},"end":{"line":4,"column":13}},"9":{"start":{"line":44,"column":13},"end":{"line":44,"column":43}}},"fnMap":{"0":{"name":"(anonymous_0)","decl":{"start":{"line":5,"column":4},"end":{"line":5,"column":9}},"loc":{"start":{"line":5,"column":66},"end":{"line":22,"column":5}}},"1":{"name":"(anonymous_1)","decl":{"start":{"line":24,"column":4},"end":{"line":24,"column":9}},"loc":{"start":{"line":24,"column":28},"end":{"line":26,"column":5}}},"2":{"name":"(anonymous_2)","decl":{"start":{"line":28,"column":4},"end":{"line":28,"column":9}},"loc":{"start":{"line":28,"column":37},"end":{"line":30,"column":5}}},"3":{"name":"(anonymous_3)","decl":{"start":{"line":32,"column":4},"end":{"line":32,"column":9}},"loc":{"start":{"line":32,"column":49},"end":{"line":37,"column":5}}},"4":{"name":"(anonymous_4)","decl":{"start":{"line":39,"column":4},"end":{"line":39,"column":9}},"loc":{"start":{"line":39,"column":27},"end":{"line":41,"column":5}}}},"branchMap":{"0":{"loc":{"start":{"line":5,"column":30},"end":{"line":5,"column":46}},"type":"default-arg","locations":[{"start":{"line":5,"column":45},"end":{"line":5,"column":46}}]},"1":{"loc":{"start":{"line":5,"column":48},"end":{"line":5,"column":66}},"type":"default-arg","locations":[{"start":{"line":5,"column":64},"end":{"line":5,"column":66}}]}},"s":{"0":1,"1":4,"2":4,"3":3,"4":3,"5":1,"6":1,"7":1,"8":1,"9":1},"f":{"0":4,"1":3,"2":1,"3":1,"4":1},"b":{"0":[0],"1":[0]}}
,"C:\\Labs\\Node.js\\lab3\\tests\\setup.ts": {"path":"C:\\Labs\\Node.js\\lab3\\tests\\setup.ts","statementMap":{"0":{"start":{"line":1,"column":0},"end":{"line":1,"column":58}},"1":{"start":{"line":2,"column":0},"end":{"line":2,"column":32}},"2":{"start":{"line":6,"column":27},"end":{"line":10,"column":1}},"3":{"start":{"line":7,"column":4},"end":{"line":7,"column":51}},"4":{"start":{"line":8,"column":16},"end":{"line":8,"column":36}},"5":{"start":{"line":9,"column":4},"end":{"line":9,"column":32}},"6":{"start":{"line":6,"column":13},"end":{"line":6,"column":27}},"7":{"start":{"line":12,"column":27},"end":{"line":18,"column":1}},"8":{"start":{"line":13,"column":24},"end":{"line":13,"column":55}},"9":{"start":{"line":14,"column":4},"end":{"line":17,"column":5}},"10":{"start":{"line":15,"column":27},"end":{"line":15,"column":43}},"11":{"start":{"line":16,"column":8},"end":{"line":16,"column":40}},"12":{"start":{"line":12,"column":13},"end":{"line":12,"column":27}},"13":{"start":{"line":20,"column":30},"end":{"line":24,"column":1}},"14":{"start":{"line":21,"column":4},"end":{"line":21,"column":45}},"15":{"start":{"line":22,"column":4},"end":{"line":22,"column":38}},"16":{"start":{"line":23,"column":4},"end":{"line":23,"column":29}},"17":{"start":{"line":20,"column":13},"end":{"line":20,"column":30}}},"fnMap":{"0":{"name":"(anonymous_1)","decl":{"start":{"line":6,"column":27},"end":{"line":6,"column":32}},"loc":{"start":{"line":6,"column":38},"end":{"line":10,"column":1}}},"1":{"name":"(anonymous_2)","decl":{"start":{"line":12,"column":27},"end":{"line":12,"column":32}},"loc":{"start":{"line":12,"column":38},"end":{"line":18,"column":1}}},"2":{"name":"(anonymous_3)","decl":{"start":{"line":20,"column":30},"end":{"line":20,"column":35}},"loc":{"start":{"line":20,"column":41},"end":{"line":24,"column":1}}}},"branchMap":{},"s":{"0":1,"1":1,"2":1,"3":1,"4":1,"5":1,"6":1,"7":1,"8":21,"9":21,"10":21,"11":21,"12":1,"13":1,"14":1,"15":1,"16":1,"17":1},"f":{"0":1,"1":21,"2":1},"b":{}}
}
