TN:
SF:src\app.ts
FNF:0
FNH:0
DA:1,1
DA:2,1
DA:3,1
DA:4,1
DA:6,1
DA:8,1
DA:9,1
DA:11,1
DA:13,1
DA:15,1
LF:10
LH:10
BRF:0
BRH:0
end_of_record
TN:
SF:src\middleware\errorHandler.ts
FN:4,(anonymous_0)
FNF:1
FNH:1
FNDA:4,(anonymous_0)
DA:2,1
DA:4,1
DA:5,4
DA:6,3
DA:12,1
DA:13,1
LF:6
LH:6
BRDA:5,0,0,3
BRDA:5,0,1,1
BRF:2
BRH:2
end_of_record
TN:
SF:src\middleware\validate.ts
FN:4,(anonymous_0)
FN:5,(anonymous_1)
FNF:2
FNH:2
FNDA:2,(anonymous_0)
FNDA:6,(anonymous_1)
DA:4,1
DA:5,2
DA:6,6
DA:7,6
DA:8,3
DA:10,3
LF:6
LH:6
BRF:0
BRH:0
end_of_record
TN:
SF:src\routes\car.ts
FN:8,(anonymous_0)
FN:9,(anonymous_1)
FN:14,(anonymous_2)
FN:26,(anonymous_3)
FN:35,(anonymous_4)
FN:41,(anonymous_5)
FN:50,(anonymous_6)
FNF:7
FNH:7
FNDA:1,(anonymous_0)
FNDA:3,(anonymous_1)
FNDA:7,(anonymous_2)
FNDA:2,(anonymous_3)
FNDA:1,(anonymous_4)
FNDA:2,(anonymous_5)
FNDA:2,(anonymous_6)
DA:1,1
DA:2,1
DA:3,1
DA:4,1
DA:6,1
DA:8,1
DA:9,3
DA:10,1
DA:14,1
DA:15,7
DA:17,7
DA:18,7
DA:19,7
DA:21,7
DA:22,6
DA:26,1
DA:27,2
DA:28,2
DA:29,1
DA:31,1
DA:35,1
DA:36,1
DA:37,1
DA:41,1
DA:42,2
DA:43,2
DA:44,1
DA:46,1
DA:50,1
DA:51,2
DA:52,2
DA:53,1
DA:55,1
DA:58,1
LF:34
LH:34
BRDA:18,0,0,3
BRDA:18,0,1,4
BRDA:19,1,0,3
BRDA:19,1,1,4
BRDA:28,2,0,1
BRDA:28,2,1,1
BRDA:43,3,0,1
BRDA:43,3,1,1
BRDA:52,4,0,1
BRDA:52,4,1,1
BRF:10
BRH:10
end_of_record
TN:
SF:src\schemas\car.schema.ts
FNF:0
FNH:0
DA:1,1
DA:3,1
DA:13,1
LF:3
LH:3
BRF:0
BRH:0
end_of_record
TN:
SF:src\storage\car.ts
FN:12,(anonymous_1)
FN:17,(anonymous_2)
FN:20,(anonymous_3)
FN:26,(anonymous_4)
FN:30,(anonymous_5)
FN:46,(anonymous_6)
FN:60,(anonymous_7)
FN:64,(anonymous_8)
FNF:8
FNH:8
FNDA:7,(anonymous_1)
FNDA:9,(anonymous_2)
FNDA:5,(anonymous_3)
FNDA:3,(anonymous_4)
FNDA:19,(anonymous_5)
FNDA:2,(anonymous_6)
FNDA:2,(anonymous_7)
FNDA:17,(anonymous_8)
DA:2,1
DA:10,1
DA:13,7
DA:15,7
DA:16,6
DA:17,9
DA:19,6
DA:20,5
DA:23,7
DA:27,3
DA:31,19
DA:32,19
DA:34,19
DA:42,19
DA:43,19
DA:47,2
DA:48,2
DA:50,1
DA:56,1
DA:57,1
DA:61,2
DA:65,17
DA:69,1
LF:23
LH:23
BRDA:15,0,0,6
BRDA:15,0,1,1
BRDA:16,1,0,3
BRDA:16,1,1,3
BRDA:19,2,0,3
BRDA:19,2,1,3
BRDA:48,3,0,1
BRDA:48,3,1,1
BRF:8
BRH:8
end_of_record
