TN:
SF:src\app.ts
FNF:0
FNH:0
DA:1,1
DA:2,1
DA:3,1
DA:4,1
DA:6,1
DA:8,1
DA:9,1
DA:11,1
DA:13,1
DA:15,1
LF:10
LH:10
BRF:0
BRH:0
end_of_record
TN:
SF:src\middleware\errorHandler.ts
FN:5,(anonymous_1)
FN:18,(anonymous_2)
FNF:2
FNH:1
FNDA:9,(anonymous_1)
FNDA:0,(anonymous_2)
DA:2,1
DA:3,1
DA:5,1
DA:6,9
DA:7,2
DA:13,7
DA:14,2
DA:17,5
DA:18,1
DA:19,1
DA:25,4
DA:26,1
DA:29,3
DA:30,3
LF:14
LH:14
BRDA:6,0,0,2
BRDA:6,0,1,7
BRDA:13,1,0,2
BRDA:13,1,1,5
BRDA:13,2,0,7
BRDA:13,2,1,6
BRDA:17,3,0,1
BRDA:17,3,1,4
BRDA:25,4,0,1
BRDA:25,4,1,3
BRF:10
BRH:10
end_of_record
TN:
SF:src\middleware\validate.ts
FN:4,(anonymous_0)
FN:5,(anonymous_1)
FNF:2
FNH:2
FNDA:2,(anonymous_0)
FNDA:8,(anonymous_1)
DA:4,1
DA:5,2
DA:6,8
DA:7,8
DA:8,6
DA:10,2
LF:6
LH:6
BRF:0
BRH:0
end_of_record
TN:
SF:src\models\car.model.ts
FN:30,(anonymous_0)
FN:31,(anonymous_1)
FN:49,(anonymous_2)
FNF:3
FNH:3
FNDA:16,(anonymous_0)
FNDA:1,(anonymous_1)
FNDA:7,(anonymous_2)
DA:1,1
DA:14,1
DA:30,16
DA:31,1
DA:49,1
DA:50,7
DA:53,1
LF:7
LH:7
BRDA:30,0,0,16
BRDA:30,0,1,15
BRF:2
BRH:2
end_of_record
TN:
SF:src\routes\car.ts
FN:9,(anonymous_0)
FN:19,(anonymous_1)
FN:42,(anonymous_2)
FN:55,(anonymous_3)
FN:65,(anonymous_4)
FN:78,(anonymous_5)
FNF:6
FNH:6
FNDA:2,(anonymous_0)
FNDA:3,(anonymous_1)
FNDA:4,(anonymous_2)
FNDA:3,(anonymous_3)
FNDA:3,(anonymous_4)
FNDA:3,(anonymous_5)
DA:1,1
DA:2,1
DA:3,1
DA:4,1
DA:6,1
DA:9,1
DA:10,2
DA:11,2
DA:12,1
DA:14,1
DA:19,1
DA:20,3
DA:21,3
DA:23,3
DA:24,3
DA:25,1
DA:27,3
DA:28,1
DA:31,3
DA:32,3
DA:34,3
DA:35,3
DA:37,0
DA:42,1
DA:43,4
DA:44,4
DA:45,2
DA:46,1
DA:48,1
DA:50,2
DA:55,1
DA:56,3
DA:57,3
DA:58,1
DA:60,2
DA:65,1
DA:66,3
DA:67,3
DA:68,2
DA:69,1
DA:71,1
DA:73,1
DA:78,1
DA:79,3
DA:80,3
DA:81,2
DA:82,1
DA:84,1
DA:86,1
DA:90,1
LF:50
LH:49
BRDA:24,0,0,1
BRDA:24,0,1,2
BRDA:27,1,0,1
BRDA:27,1,1,2
BRDA:31,2,0,3
BRDA:31,2,1,3
BRDA:32,3,0,3
BRDA:32,3,1,2
BRDA:45,4,0,1
BRDA:45,4,1,1
BRDA:68,5,0,1
BRDA:68,5,1,1
BRDA:81,6,0,1
BRDA:81,6,1,1
BRF:14
BRH:14
end_of_record
TN:
SF:src\schemas\car.schema.ts
FNF:0
FNH:0
DA:1,1
DA:3,1
DA:13,1
LF:3
LH:3
BRF:0
BRH:0
end_of_record
TN:
SF:src\storage\car.ts
FN:5,(anonymous_0)
FN:24,(anonymous_1)
FN:28,(anonymous_2)
FN:32,(anonymous_3)
FN:39,(anonymous_4)
FNF:5
FNH:5
FNDA:4,(anonymous_0)
FNDA:3,(anonymous_1)
FNDA:1,(anonymous_2)
FNDA:2,(anonymous_3)
FNDA:2,(anonymous_4)
DA:1,1
DA:4,1
DA:6,4
DA:8,4
DA:13,4
DA:25,3
DA:29,1
DA:33,2
DA:40,2
DA:44,1
LF:10
LH:10
BRDA:5,0,0,0
BRDA:5,1,0,0
BRF:2
BRH:0
end_of_record
TN:
SF:tests\setup.ts
FN:6,(anonymous_1)
FN:12,(anonymous_2)
FN:20,(anonymous_3)
FNF:3
FNH:3
FNDA:1,(anonymous_1)
FNDA:24,(anonymous_2)
FNDA:1,(anonymous_3)
DA:1,1
DA:2,1
DA:6,1
DA:7,1
DA:8,1
DA:9,1
DA:12,1
DA:13,24
DA:14,24
DA:15,24
DA:16,24
DA:20,1
DA:21,1
DA:22,1
DA:23,1
LF:15
LH:15
BRF:0
BRH:0
end_of_record
